<?xml version="1.0" encoding="UTF-8"?>
<!-- Generated by org.testng.reporters.JUnitXMLReporter -->
<testsuite ignored="0" hostname="CSKVW" failures="0" tests="3" name="Default test" time="0.025" errors="0" timestamp="2022-03-17T18:04:07 IST">
  <testcase classname="testnglisteners.LoginTest" name="loginByEmail" time="0.005"/>
  <testcase classname="testnglisteners.LoginTest" name="loginByFacebook" time="0.0"/>
  <testcase classname="testnglisteners.LoginTest" name="setup" time="0.001"/>
</testsuite> <!-- Default test -->
