<?xml version="1.0" encoding="UTF-8"?>
<testng-results ignored="0" total="1" passed="1" failed="0" skipped="0">
  <reporter-output>
  </reporter-output>
  <suite started-at="2022-02-15T23:12:18 IST" name="Default suite" finished-at="2022-02-15T23:12:30 IST" duration-ms="11968">
    <groups>
    </groups>
    <test started-at="2022-02-15T23:12:18 IST" name="Default test" finished-at="2022-02-15T23:12:30 IST" duration-ms="11968">
      <class name="com.testCases.T001_Login_Test">
        <test-method is-config="true" signature="setUp()[pri:0, instance:com.testCases.T001_Login_Test@e15b7e8]" started-at="2022-02-15T23:12:18 IST" name="setUp" finished-at="2022-02-15T23:12:20 IST" duration-ms="1939" status="PASS">
          <reporter-output>
          </reporter-output>
        </test-method> <!-- setUp -->
        <test-method signature="login_Test()[pri:0, instance:com.testCases.T001_Login_Test@e15b7e8]" started-at="2022-02-15T23:12:20 IST" name="login_Test" finished-at="2022-02-15T23:12:26 IST" duration-ms="5880" status="PASS">
          <reporter-output>
          </reporter-output>
        </test-method> <!-- login_Test -->
        <test-method is-config="true" signature="postCondition()[pri:0, instance:com.testCases.T001_Login_Test@e15b7e8]" started-at="2022-02-15T23:12:26 IST" name="postCondition" finished-at="2022-02-15T23:12:30 IST" duration-ms="4129" status="PASS">
          <reporter-output>
          </reporter-output>
        </test-method> <!-- postCondition -->
      </class> <!-- com.testCases.T001_Login_Test -->
    </test> <!-- Default test -->
  </suite> <!-- Default suite -->
</testng-results>
