<?xml version="1.0" encoding="UTF-8"?>
<testng-results ignored="0" total="3" passed="3" failed="0" skipped="0">
  <reporter-output>
  </reporter-output>
  <suite started-at="2022-03-17T18:04:07 IST" name="Default suite" finished-at="2022-03-17T18:04:07 IST" duration-ms="25">
    <groups>
    </groups>
    <test started-at="2022-03-17T18:04:07 IST" name="Default test" finished-at="2022-03-17T18:04:07 IST" duration-ms="25">
      <class name="testnglisteners.LoginTest">
        <test-method signature="loginByEmail()[pri:0, instance:testnglisteners.LoginTest@66d3eec0]" started-at="2022-03-17T18:04:07 IST" name="loginByEmail" finished-at="2022-03-17T18:04:07 IST" duration-ms="5" status="PASS">
          <reporter-output>
          </reporter-output>
        </test-method> <!-- loginByEmail -->
        <test-method signature="loginByFacebook()[pri:0, instance:testnglisteners.LoginTest@66d3eec0]" started-at="2022-03-17T18:04:07 IST" name="loginByFacebook" finished-at="2022-03-17T18:04:07 IST" duration-ms="0" status="PASS">
          <reporter-output>
          </reporter-output>
        </test-method> <!-- loginByFacebook -->
        <test-method signature="setup()[pri:0, instance:testnglisteners.LoginTest@66d3eec0]" started-at="2022-03-17T18:04:07 IST" name="setup" finished-at="2022-03-17T18:04:07 IST" duration-ms="1" status="PASS">
          <reporter-output>
          </reporter-output>
        </test-method> <!-- setup -->
      </class> <!-- testnglisteners.LoginTest -->
    </test> <!-- Default test -->
  </suite> <!-- Default suite -->
</testng-results>
